<?xml version="1.0" encoding="UTF-8"?>
<!-- Generated by org.testng.reporters.JUnitReportReporter -->
<testsuite hostname="AT-DT-004" failures="0" tests="1" name="pDfExtractor.NrExtractor" time="0.088" errors="0" timestamp="2025-01-18T15:15:02 IST" skipped="0">
  <testcase classname="pDfExtractor.NrExtractor" name="pdf" time="0.088"/>
</testsuite> <!-- pDfExtractor.NrExtractor -->
