<?xml version="1.0" encoding="UTF-8"?>
<!-- Generated by org.testng.reporters.JUnitReportReporter -->
<testsuite hostname="AT-DT-004" failures="0" tests="1" name="pDfExtractor.NrExtractor" time="1.445" errors="0" timestamp="2025-01-31T18:52:49 IST" skipped="0">
  <testcase classname="pDfExtractor.NrExtractor" name="pdf" time="1.445"/>
</testsuite> <!-- pDfExtractor.NrExtractor -->
